2025-03-03 10:53:35:673 [TID    11312][INFO   ] ** DMVCFramework Server ** build 3.4.2-magnesium [dmvcframework]
2025-03-03 10:53:35:673 [TID    11312][INFO   ] Initializing default dotEnv instance [dmvcframework]
2025-03-03 10:53:35:673 [TID    11312][INFO   ] dotEnv: Path = C:\Users\KhaiLe\Downloads\Delphi\Win32\Debug [dmvcframework]
2025-03-03 10:53:35:673 [TID    11312][INFO   ] dotEnv: Active profile/s priority = [default,test,prod] (Priority: FileThenEnv) [dmvcframework]
2025-03-03 10:53:35:673 [TID    11312][INFO   ] dotEnv: Missed file C:\Users\KhaiLe\Downloads\Delphi\Win32\Debug\.env [dmvcframework]
2025-03-03 10:53:35:673 [TID    11312][INFO   ] dotEnv: Missed file C:\Users\KhaiLe\Downloads\Delphi\Win32\Debug\.env.test [dmvcframework]
2025-03-03 10:53:35:673 [TID    11312][INFO   ] dotEnv: Missed file C:\Users\KhaiLe\Downloads\Delphi\Win32\Debug\.env.prod [dmvcframework]
2025-03-03 10:53:35:683 [TID    11312][FATAL  ] EIdCouldNotBindSocket: Could not bind socket. [dmvcframework]
2025-03-03 10:53:43:982 [TID    14096][INFO   ] ** DMVCFramework Server ** build 3.4.2-magnesium [dmvcframework]
2025-03-03 10:53:43:982 [TID    14096][INFO   ] Initializing default dotEnv instance [dmvcframework]
2025-03-03 10:53:43:982 [TID    14096][INFO   ] dotEnv: Path = C:\Users\KhaiLe\Downloads\Delphi\Win32\Debug [dmvcframework]
2025-03-03 10:53:43:982 [TID    14096][INFO   ] dotEnv: Active profile/s priority = [default,test,prod] (Priority: FileThenEnv) [dmvcframework]
2025-03-03 10:53:43:982 [TID    14096][INFO   ] dotEnv: Missed file C:\Users\KhaiLe\Downloads\Delphi\Win32\Debug\.env [dmvcframework]
2025-03-03 10:53:43:982 [TID    14096][INFO   ] dotEnv: Missed file C:\Users\KhaiLe\Downloads\Delphi\Win32\Debug\.env.test [dmvcframework]
2025-03-03 10:53:43:982 [TID    14096][INFO   ] dotEnv: Missed file C:\Users\KhaiLe\Downloads\Delphi\Win32\Debug\.env.prod [dmvcframework]
2025-03-03 10:53:43:992 [TID    14096][INFO   ] Listening on http://localhost:8080 [dmvcframework]
2025-03-03 10:53:43:992 [TID    14096][INFO   ] Application started. Press Ctrl+C to shut down. [dmvcframework]
2025-03-03 10:53:52:565 [TID    13952][INFO   ] Loading Config default values [dmvcframework]
2025-03-03 10:53:52:565 [TID    13952][INFO   ] Loading System Controllers [dmvcframework]
2025-03-03 10:53:52:566 [TID    13952][INFO   ] GET:/api/people [0:0:0:0:0:0:0:1] -> Unit4.TCustomerController.GetPeople - 200 [dmvcframework]
2025-03-03 10:53:57:607 [TID    13952][ERROR  ] [EMVCContainerErrorUnknownService] Unknown service "IProductService" with name "" [PathInfo "GET /api/get-all-products"] - 500 Internal Server Error (Custom message: "Global Action Exception Handler") [dmvcframework]
2025-03-03 10:55:17:931 [TID    22208][INFO   ] ** DMVCFramework Server ** build 3.4.2-magnesium [dmvcframework]
2025-03-03 10:55:17:931 [TID    22208][INFO   ] Initializing default dotEnv instance [dmvcframework]
2025-03-03 10:55:17:931 [TID    22208][INFO   ] dotEnv: Path = C:\Users\KhaiLe\Downloads\Delphi\Win32\Debug [dmvcframework]
2025-03-03 10:55:17:931 [TID    22208][INFO   ] dotEnv: Active profile/s priority = [default,test,prod] (Priority: FileThenEnv) [dmvcframework]
2025-03-03 10:55:17:931 [TID    22208][INFO   ] dotEnv: Missed file C:\Users\KhaiLe\Downloads\Delphi\Win32\Debug\.env [dmvcframework]
2025-03-03 10:55:17:931 [TID    22208][INFO   ] dotEnv: Missed file C:\Users\KhaiLe\Downloads\Delphi\Win32\Debug\.env.test [dmvcframework]
2025-03-03 10:55:17:931 [TID    22208][INFO   ] dotEnv: Missed file C:\Users\KhaiLe\Downloads\Delphi\Win32\Debug\.env.prod [dmvcframework]
2025-03-03 10:55:17:939 [TID    22208][INFO   ] Listening on http://localhost:8080 [dmvcframework]
2025-03-03 10:55:17:939 [TID    22208][INFO   ] Application started. Press Ctrl+C to shut down. [dmvcframework]
2025-03-03 10:55:21:041 [TID    21796][INFO   ] Loading Config default values [dmvcframework]
2025-03-03 10:55:21:041 [TID    21796][INFO   ] Loading System Controllers [dmvcframework]
2025-03-03 10:55:21:043 [TID    21796][INFO   ] GET:/api/get-all-products [0:0:0:0:0:0:0:1] -> ProductController.TProductController.GetAllProduct - 200 [dmvcframework]
2025-03-03 10:57:18:887 [TID    17268][INFO   ] ** DMVCFramework Server ** build 3.4.2-magnesium [dmvcframework]
2025-03-03 10:57:18:887 [TID    17268][INFO   ] Initializing default dotEnv instance [dmvcframework]
2025-03-03 10:57:18:887 [TID    17268][INFO   ] dotEnv: Path = C:\Users\KhaiLe\Downloads\Delphi\Win32\Debug [dmvcframework]
2025-03-03 10:57:18:887 [TID    17268][INFO   ] dotEnv: Active profile/s priority = [default,test,prod] (Priority: FileThenEnv) [dmvcframework]
2025-03-03 10:57:18:887 [TID    17268][INFO   ] dotEnv: Missed file C:\Users\KhaiLe\Downloads\Delphi\Win32\Debug\.env [dmvcframework]
2025-03-03 10:57:18:887 [TID    17268][INFO   ] dotEnv: Missed file C:\Users\KhaiLe\Downloads\Delphi\Win32\Debug\.env.test [dmvcframework]
2025-03-03 10:57:18:887 [TID    17268][INFO   ] dotEnv: Missed file C:\Users\KhaiLe\Downloads\Delphi\Win32\Debug\.env.prod [dmvcframework]
2025-03-03 10:57:18:895 [TID    17268][INFO   ] Listening on http://localhost:8080 [dmvcframework]
2025-03-03 10:57:18:895 [TID    17268][INFO   ] Application started. Press Ctrl+C to shut down. [dmvcframework]
2025-03-03 10:57:20:517 [TID     5296][INFO   ] Loading Config default values [dmvcframework]
2025-03-03 10:57:20:517 [TID     5296][INFO   ] Loading System Controllers [dmvcframework]
2025-03-03 10:57:20:518 [TID     5296][INFO   ] GET:/api/get-all-products [0:0:0:0:0:0:0:1] -> ProductController.TProductController.GetAllProduct - 200 [dmvcframework]
2025-03-03 10:57:21:649 [TID     5296][INFO   ] GET:/api/get-all-products [0:0:0:0:0:0:0:1] -> ProductController.TProductController.GetAllProduct - 200 [dmvcframework]
2025-03-03 11:00:42:218 [TID    13820][INFO   ] ** DMVCFramework Server ** build 3.4.2-magnesium [dmvcframework]
2025-03-03 11:00:42:218 [TID    13820][INFO   ] Initializing default dotEnv instance [dmvcframework]
2025-03-03 11:00:42:218 [TID    13820][INFO   ] dotEnv: Path = C:\Users\KhaiLe\Downloads\Delphi\Win32\Debug [dmvcframework]
2025-03-03 11:00:42:218 [TID    13820][INFO   ] dotEnv: Active profile/s priority = [default,test,prod] (Priority: FileThenEnv) [dmvcframework]
2025-03-03 11:00:42:218 [TID    13820][INFO   ] dotEnv: Missed file C:\Users\KhaiLe\Downloads\Delphi\Win32\Debug\.env [dmvcframework]
2025-03-03 11:00:42:218 [TID    13820][INFO   ] dotEnv: Missed file C:\Users\KhaiLe\Downloads\Delphi\Win32\Debug\.env.test [dmvcframework]
2025-03-03 11:00:42:218 [TID    13820][INFO   ] dotEnv: Missed file C:\Users\KhaiLe\Downloads\Delphi\Win32\Debug\.env.prod [dmvcframework]
2025-03-03 11:00:42:232 [TID    13820][INFO   ] Listening on http://localhost:8080 [dmvcframework]
2025-03-03 11:00:42:232 [TID    13820][INFO   ] Application started. Press Ctrl+C to shut down. [dmvcframework]
2025-03-03 11:00:44:267 [TID     5776][INFO   ] Loading Config default values [dmvcframework]
2025-03-03 11:00:44:267 [TID     5776][INFO   ] Loading System Controllers [dmvcframework]
2025-03-03 11:00:44:269 [TID     5776][INFO   ] GET:/api/get-all-products [0:0:0:0:0:0:0:1] -> ProductController.TProductController.GetAllProduct - 200 [dmvcframework]
2025-03-03 11:08:54:468 [TID    22624][INFO   ] ** DMVCFramework Server ** build 3.4.2-magnesium [dmvcframework]
2025-03-03 11:08:54:468 [TID    22624][INFO   ] Initializing default dotEnv instance [dmvcframework]
2025-03-03 11:08:54:468 [TID    22624][INFO   ] dotEnv: Path = C:\Users\KhaiLe\Downloads\Delphi\Win32\Debug [dmvcframework]
2025-03-03 11:08:54:468 [TID    22624][INFO   ] dotEnv: Active profile/s priority = [default,test,prod] (Priority: FileThenEnv) [dmvcframework]
2025-03-03 11:08:54:468 [TID    22624][INFO   ] dotEnv: Missed file C:\Users\KhaiLe\Downloads\Delphi\Win32\Debug\.env [dmvcframework]
2025-03-03 11:08:54:468 [TID    22624][INFO   ] dotEnv: Missed file C:\Users\KhaiLe\Downloads\Delphi\Win32\Debug\.env.test [dmvcframework]
2025-03-03 11:08:54:469 [TID    22624][INFO   ] dotEnv: Missed file C:\Users\KhaiLe\Downloads\Delphi\Win32\Debug\.env.prod [dmvcframework]
2025-03-03 11:08:54:480 [TID    22624][INFO   ] Listening on http://localhost:8080 [dmvcframework]
2025-03-03 11:08:54:480 [TID    22624][INFO   ] Application started. Press Ctrl+C to shut down. [dmvcframework]
2025-03-03 11:09:00:724 [TID    21720][INFO   ] Loading Config default values [dmvcframework]
2025-03-03 11:09:00:724 [TID    21720][INFO   ] Loading System Controllers [dmvcframework]
2025-03-03 11:09:00:725 [TID    21720][INFO   ] GET:/api/get-all-products [0:0:0:0:0:0:0:1] -> ProductController.TProductController.GetAllProduct - 200 [dmvcframework]
2025-03-03 11:10:14:575 [TID     7692][INFO   ] ** DMVCFramework Server ** build 3.4.2-magnesium [dmvcframework]
2025-03-03 11:10:14:575 [TID     7692][INFO   ] Initializing default dotEnv instance [dmvcframework]
2025-03-03 11:10:14:575 [TID     7692][INFO   ] dotEnv: Path = C:\Users\KhaiLe\Downloads\Delphi\Win32\Debug [dmvcframework]
2025-03-03 11:10:14:575 [TID     7692][INFO   ] dotEnv: Active profile/s priority = [default,test,prod] (Priority: FileThenEnv) [dmvcframework]
2025-03-03 11:10:14:575 [TID     7692][INFO   ] dotEnv: Missed file C:\Users\KhaiLe\Downloads\Delphi\Win32\Debug\.env [dmvcframework]
2025-03-03 11:10:14:576 [TID     7692][INFO   ] dotEnv: Missed file C:\Users\KhaiLe\Downloads\Delphi\Win32\Debug\.env.test [dmvcframework]
2025-03-03 11:10:14:576 [TID     7692][INFO   ] dotEnv: Missed file C:\Users\KhaiLe\Downloads\Delphi\Win32\Debug\.env.prod [dmvcframework]
2025-03-03 11:10:14:585 [TID     7692][INFO   ] Listening on http://localhost:8080 [dmvcframework]
2025-03-03 11:10:14:585 [TID     7692][INFO   ] Application started. Press Ctrl+C to shut down. [dmvcframework]
2025-03-03 11:10:17:858 [TID    24628][INFO   ] Loading Config default values [dmvcframework]
2025-03-03 11:10:17:858 [TID    24628][INFO   ] Loading System Controllers [dmvcframework]
2025-03-03 11:10:17:859 [TID    24628][INFO   ] GET:/api/get-all-products [0:0:0:0:0:0:0:1] -> ProductController.TProductController.GetAllProduct - 200 [dmvcframework]
2025-03-03 11:10:42:464 [TID    19376][INFO   ] GET:/api/get-all-products [0:0:0:0:0:0:0:1] -> ProductController.TProductController.GetAllProduct - 200 [dmvcframework]
2025-03-03 11:10:42:528 [TID    19376][WARNING] GET:/favicon.ico [0:0:0:0:0:0:0:1] -> {ROUTE NOT FOUND} - 404 [dmvcframework]
2025-03-03 11:12:08:566 [TID     1596][INFO   ] ** DMVCFramework Server ** build 3.4.2-magnesium [dmvcframework]
2025-03-03 11:12:08:566 [TID     1596][INFO   ] Initializing default dotEnv instance [dmvcframework]
2025-03-03 11:12:08:566 [TID     1596][INFO   ] dotEnv: Path = C:\Users\KhaiLe\Downloads\Delphi\Win32\Debug [dmvcframework]
2025-03-03 11:12:08:566 [TID     1596][INFO   ] dotEnv: Active profile/s priority = [default,test,prod] (Priority: FileThenEnv) [dmvcframework]
2025-03-03 11:12:08:566 [TID     1596][INFO   ] dotEnv: Missed file C:\Users\KhaiLe\Downloads\Delphi\Win32\Debug\.env [dmvcframework]
2025-03-03 11:12:08:566 [TID     1596][INFO   ] dotEnv: Missed file C:\Users\KhaiLe\Downloads\Delphi\Win32\Debug\.env.test [dmvcframework]
2025-03-03 11:12:08:566 [TID     1596][INFO   ] dotEnv: Missed file C:\Users\KhaiLe\Downloads\Delphi\Win32\Debug\.env.prod [dmvcframework]
2025-03-03 11:12:08:576 [TID     1596][INFO   ] Listening on http://localhost:8080 [dmvcframework]
2025-03-03 11:12:08:576 [TID     1596][INFO   ] Application started. Press Ctrl+C to shut down. [dmvcframework]
2025-03-03 11:12:11:885 [TID    25856][INFO   ] Loading Config default values [dmvcframework]
2025-03-03 11:12:11:885 [TID    25856][INFO   ] Loading System Controllers [dmvcframework]
2025-03-03 11:12:11:887 [TID    25856][INFO   ] GET:/api/get-all-products [0:0:0:0:0:0:0:1] -> ProductController.TProductController.GetAllProduct - 200 [dmvcframework]
2025-03-03 11:12:26:533 [TID    25856][INFO   ] GET:/api/get-all-products [0:0:0:0:0:0:0:1] -> ProductController.TProductController.GetAllProduct - 200 [dmvcframework]
2025-03-03 11:12:27:284 [TID    25856][INFO   ] GET:/api/get-all-products [0:0:0:0:0:0:0:1] -> ProductController.TProductController.GetAllProduct - 200 [dmvcframework]
2025-03-03 11:12:27:592 [TID    25856][INFO   ] GET:/api/get-all-products [0:0:0:0:0:0:0:1] -> ProductController.TProductController.GetAllProduct - 200 [dmvcframework]
2025-03-03 11:12:28:577 [TID    25856][INFO   ] GET:/api/get-all-products [0:0:0:0:0:0:0:1] -> ProductController.TProductController.GetAllProduct - 200 [dmvcframework]
2025-03-03 11:12:32:462 [TID    23300][INFO   ] ** DMVCFramework Server ** build 3.4.2-magnesium [dmvcframework]
2025-03-03 11:12:32:470 [TID    23300][INFO   ] Initializing default dotEnv instance [dmvcframework]
2025-03-03 11:12:32:470 [TID    23300][INFO   ] dotEnv: Path = C:\Users\KhaiLe\Downloads\Delphi\Win32\Debug [dmvcframework]
2025-03-03 11:12:32:470 [TID    23300][INFO   ] dotEnv: Active profile/s priority = [default,test,prod] (Priority: FileThenEnv) [dmvcframework]
2025-03-03 11:12:32:470 [TID    23300][INFO   ] dotEnv: Missed file C:\Users\KhaiLe\Downloads\Delphi\Win32\Debug\.env [dmvcframework]
2025-03-03 11:12:32:470 [TID    23300][INFO   ] dotEnv: Missed file C:\Users\KhaiLe\Downloads\Delphi\Win32\Debug\.env.test [dmvcframework]
2025-03-03 11:12:32:470 [TID    23300][INFO   ] dotEnv: Missed file C:\Users\KhaiLe\Downloads\Delphi\Win32\Debug\.env.prod [dmvcframework]
2025-03-03 11:12:47:290 [TID    23300][FATAL  ] EIdCouldNotBindSocket: Could not bind socket. [dmvcframework]
2025-03-03 11:12:59:620 [TID    26572][INFO   ] ** DMVCFramework Server ** build 3.4.2-magnesium [dmvcframework]
2025-03-03 11:12:59:633 [TID    26572][INFO   ] Initializing default dotEnv instance [dmvcframework]
2025-03-03 11:12:59:633 [TID    26572][INFO   ] dotEnv: Path = C:\Users\KhaiLe\Downloads\Delphi\Win32\Debug [dmvcframework]
2025-03-03 11:12:59:633 [TID    26572][INFO   ] dotEnv: Active profile/s priority = [default,test,prod] (Priority: FileThenEnv) [dmvcframework]
2025-03-03 11:12:59:633 [TID    26572][INFO   ] dotEnv: Missed file C:\Users\KhaiLe\Downloads\Delphi\Win32\Debug\.env [dmvcframework]
2025-03-03 11:12:59:633 [TID    26572][INFO   ] dotEnv: Missed file C:\Users\KhaiLe\Downloads\Delphi\Win32\Debug\.env.test [dmvcframework]
2025-03-03 11:12:59:633 [TID    26572][INFO   ] dotEnv: Missed file C:\Users\KhaiLe\Downloads\Delphi\Win32\Debug\.env.prod [dmvcframework]
2025-03-03 11:12:59:735 [TID    26572][INFO   ] Listening on http://localhost:8080 [dmvcframework]
2025-03-03 11:12:59:735 [TID    26572][INFO   ] Application started. Press Ctrl+C to shut down. [dmvcframework]
2025-03-03 11:13:03:821 [TID    25880][INFO   ] Loading Config default values [dmvcframework]
2025-03-03 11:13:03:821 [TID    25880][INFO   ] Loading System Controllers [dmvcframework]
2025-03-03 11:13:35:049 [TID    14884][INFO   ] ** DMVCFramework Server ** build 3.4.2-magnesium [dmvcframework]
2025-03-03 11:13:35:057 [TID    14884][INFO   ] Initializing default dotEnv instance [dmvcframework]
2025-03-03 11:13:35:057 [TID    14884][INFO   ] dotEnv: Path = C:\Users\KhaiLe\Downloads\Delphi\Win32\Debug [dmvcframework]
2025-03-03 11:13:35:057 [TID    14884][INFO   ] dotEnv: Active profile/s priority = [default,test,prod] (Priority: FileThenEnv) [dmvcframework]
2025-03-03 11:13:35:057 [TID    14884][INFO   ] dotEnv: Missed file C:\Users\KhaiLe\Downloads\Delphi\Win32\Debug\.env [dmvcframework]
2025-03-03 11:13:35:057 [TID    14884][INFO   ] dotEnv: Missed file C:\Users\KhaiLe\Downloads\Delphi\Win32\Debug\.env.test [dmvcframework]
2025-03-03 11:13:35:077 [TID    14884][INFO   ] dotEnv: Missed file C:\Users\KhaiLe\Downloads\Delphi\Win32\Debug\.env.prod [dmvcframework]
2025-03-03 11:13:35:148 [TID    14884][INFO   ] Listening on http://localhost:8080 [dmvcframework]
2025-03-03 11:13:35:163 [TID    14884][INFO   ] Application started. Press Ctrl+C to shut down. [dmvcframework]
2025-03-03 11:13:35:241 [TID    20212][INFO   ] Loading Config default values [dmvcframework]
2025-03-03 11:13:35:241 [TID    20212][INFO   ] Loading System Controllers [dmvcframework]
2025-03-03 11:13:56:342 [TID    20212][INFO   ] GET:/api/get-all-products [0:0:0:0:0:0:0:1] -> ProductController.TProductController.GetAllProduct - 200 [dmvcframework]
2025-03-03 11:16:08:647 [TID    13320][INFO   ] ** DMVCFramework Server ** build 3.4.2-magnesium [dmvcframework]
2025-03-03 11:16:08:647 [TID    13320][INFO   ] Initializing default dotEnv instance [dmvcframework]
2025-03-03 11:16:08:647 [TID    13320][INFO   ] dotEnv: Path = C:\Users\KhaiLe\Downloads\Delphi\Win32\Debug [dmvcframework]
2025-03-03 11:16:08:647 [TID    13320][INFO   ] dotEnv: Active profile/s priority = [default,test,prod] (Priority: FileThenEnv) [dmvcframework]
2025-03-03 11:16:08:647 [TID    13320][INFO   ] dotEnv: Missed file C:\Users\KhaiLe\Downloads\Delphi\Win32\Debug\.env [dmvcframework]
2025-03-03 11:16:08:647 [TID    13320][INFO   ] dotEnv: Missed file C:\Users\KhaiLe\Downloads\Delphi\Win32\Debug\.env.test [dmvcframework]
2025-03-03 11:16:08:647 [TID    13320][INFO   ] dotEnv: Missed file C:\Users\KhaiLe\Downloads\Delphi\Win32\Debug\.env.prod [dmvcframework]
2025-03-03 11:16:08:656 [TID    13320][INFO   ] Listening on http://localhost:8080 [dmvcframework]
2025-03-03 11:16:08:656 [TID    13320][INFO   ] Application started. Press Ctrl+C to shut down. [dmvcframework]
2025-03-03 11:16:12:419 [TID    18004][INFO   ] Loading Config default values [dmvcframework]
2025-03-03 11:16:12:419 [TID    18004][INFO   ] Loading System Controllers [dmvcframework]
2025-03-03 11:16:12:421 [TID    18004][INFO   ] GET:/api/get-all-products [0:0:0:0:0:0:0:1] -> ProductController.TProductController.GetAllProduct - 200 [dmvcframework]
2025-03-03 11:16:13:301 [TID    18004][INFO   ] GET:/api/get-all-products [0:0:0:0:0:0:0:1] -> ProductController.TProductController.GetAllProduct - 200 [dmvcframework]
2025-03-03 11:16:14:055 [TID    18004][INFO   ] GET:/api/get-all-products [0:0:0:0:0:0:0:1] -> ProductController.TProductController.GetAllProduct - 200 [dmvcframework]
2025-03-03 11:16:14:589 [TID    18004][INFO   ] GET:/api/get-all-products [0:0:0:0:0:0:0:1] -> ProductController.TProductController.GetAllProduct - 200 [dmvcframework]
2025-03-03 11:16:14:981 [TID    18004][INFO   ] GET:/api/get-all-products [0:0:0:0:0:0:0:1] -> ProductController.TProductController.GetAllProduct - 200 [dmvcframework]
2025-03-03 11:16:15:280 [TID    18004][INFO   ] GET:/api/get-all-products [0:0:0:0:0:0:0:1] -> ProductController.TProductController.GetAllProduct - 200 [dmvcframework]
2025-03-03 11:17:20:228 [TID    10852][INFO   ] ** DMVCFramework Server ** build 3.4.2-magnesium [dmvcframework]
2025-03-03 11:17:20:228 [TID    10852][INFO   ] Initializing default dotEnv instance [dmvcframework]
2025-03-03 11:17:20:228 [TID    10852][INFO   ] dotEnv: Path = C:\Users\KhaiLe\Downloads\Delphi\Win32\Debug [dmvcframework]
2025-03-03 11:17:20:228 [TID    10852][INFO   ] dotEnv: Active profile/s priority = [default,test,prod] (Priority: FileThenEnv) [dmvcframework]
2025-03-03 11:17:20:228 [TID    10852][INFO   ] dotEnv: Missed file C:\Users\KhaiLe\Downloads\Delphi\Win32\Debug\.env [dmvcframework]
2025-03-03 11:17:20:228 [TID    10852][INFO   ] dotEnv: Missed file C:\Users\KhaiLe\Downloads\Delphi\Win32\Debug\.env.test [dmvcframework]
2025-03-03 11:17:20:228 [TID    10852][INFO   ] dotEnv: Missed file C:\Users\KhaiLe\Downloads\Delphi\Win32\Debug\.env.prod [dmvcframework]
2025-03-03 11:17:20:236 [TID    10852][INFO   ] Listening on http://localhost:8080 [dmvcframework]
2025-03-03 11:17:20:236 [TID    10852][INFO   ] Application started. Press Ctrl+C to shut down. [dmvcframework]
2025-03-03 11:17:22:739 [TID    16908][INFO   ] Loading Config default values [dmvcframework]
2025-03-03 11:17:22:739 [TID    16908][INFO   ] Loading System Controllers [dmvcframework]
2025-03-03 11:17:22:740 [TID    16908][INFO   ] GET:/api/get-all-products [0:0:0:0:0:0:0:1] -> ProductController.TProductController.GetAllProduct - 200 [dmvcframework]
2025-03-03 11:17:54:337 [TID    22708][INFO   ] GET:/api/get-all-products [0:0:0:0:0:0:0:1] -> ProductController.TProductController.GetAllProduct - 200 [dmvcframework]
2025-03-03 11:23:28:110 [TID    19240][INFO   ] ** DMVCFramework Server ** build 3.4.2-magnesium [dmvcframework]
2025-03-03 11:23:28:110 [TID    19240][INFO   ] Initializing default dotEnv instance [dmvcframework]
2025-03-03 11:23:28:110 [TID    19240][INFO   ] dotEnv: Path = C:\Users\KhaiLe\Downloads\Delphi\Win32\Debug [dmvcframework]
2025-03-03 11:23:28:110 [TID    19240][INFO   ] dotEnv: Active profile/s priority = [default,test,prod] (Priority: FileThenEnv) [dmvcframework]
2025-03-03 11:23:28:111 [TID    19240][INFO   ] dotEnv: Missed file C:\Users\KhaiLe\Downloads\Delphi\Win32\Debug\.env [dmvcframework]
2025-03-03 11:23:28:111 [TID    19240][INFO   ] dotEnv: Missed file C:\Users\KhaiLe\Downloads\Delphi\Win32\Debug\.env.test [dmvcframework]
2025-03-03 11:23:28:111 [TID    19240][INFO   ] dotEnv: Missed file C:\Users\KhaiLe\Downloads\Delphi\Win32\Debug\.env.prod [dmvcframework]
2025-03-03 11:23:28:121 [TID    19240][INFO   ] Listening on http://localhost:8080 [dmvcframework]
2025-03-03 11:23:28:121 [TID    19240][INFO   ] Application started. Press Ctrl+C to shut down. [dmvcframework]
2025-03-03 11:23:30:434 [TID    19416][INFO   ] Loading Config default values [dmvcframework]
2025-03-03 11:23:30:434 [TID    19416][INFO   ] Loading System Controllers [dmvcframework]
2025-03-03 11:23:30:435 [TID    19416][INFO   ] GET:/api/get-all-products [0:0:0:0:0:0:0:1] -> ProductController.TProductController.GetAllProduct - 200 [dmvcframework]
2025-03-03 11:23:33:087 [TID    19416][WARNING] GET:/index.html [0:0:0:0:0:0:0:1] -> {ROUTE NOT FOUND} - 404 [dmvcframework]
2025-03-03 11:25:08:349 [TID    25260][INFO   ] ** DMVCFramework Server ** build 3.4.2-magnesium [dmvcframework]
2025-03-03 11:25:08:349 [TID    25260][INFO   ] Initializing default dotEnv instance [dmvcframework]
2025-03-03 11:25:08:350 [TID    25260][INFO   ] dotEnv: Path = C:\Users\KhaiLe\Downloads\Delphi\Win32\Debug [dmvcframework]
2025-03-03 11:25:08:350 [TID    25260][INFO   ] dotEnv: Active profile/s priority = [default,test,prod] (Priority: FileThenEnv) [dmvcframework]
2025-03-03 11:25:08:350 [TID    25260][INFO   ] dotEnv: Missed file C:\Users\KhaiLe\Downloads\Delphi\Win32\Debug\.env [dmvcframework]
2025-03-03 11:25:08:350 [TID    25260][INFO   ] dotEnv: Missed file C:\Users\KhaiLe\Downloads\Delphi\Win32\Debug\.env.test [dmvcframework]
2025-03-03 11:25:08:350 [TID    25260][INFO   ] dotEnv: Missed file C:\Users\KhaiLe\Downloads\Delphi\Win32\Debug\.env.prod [dmvcframework]
2025-03-03 11:25:08:359 [TID    25260][INFO   ] Listening on http://localhost:8080 [dmvcframework]
2025-03-03 11:25:08:359 [TID    25260][INFO   ] Application started. Press Ctrl+C to shut down. [dmvcframework]
2025-03-03 11:25:10:236 [TID    24248][INFO   ] Loading Config default values [dmvcframework]
2025-03-03 11:25:10:236 [TID    24248][INFO   ] Loading System Controllers [dmvcframework]
2025-03-03 11:25:10:237 [TID    24248][WARNING] GET:/index.html [0:0:0:0:0:0:0:1] -> {ROUTE NOT FOUND} - 404 [dmvcframework]
